<?xml version="1.0" encoding="UTF-8"?>
<testng-results ignored="0" total="1" passed="0" failed="1" skipped="0">
  <reporter-output>
  </reporter-output>
  <suite started-at="2026-02-13T16:26:24 IST" name="Default suite" finished-at="2026-02-13T16:27:06 IST" duration-ms="41499">
    <groups>
    </groups>
    <test started-at="2026-02-13T16:26:24 IST" name="Default test" finished-at="2026-02-13T16:27:06 IST" duration-ms="41499">
      <class name="org.zasyasolutions.portfolio.profileVisibilityTest.ProfileVisibility">
        <test-method is-config="true" signature="setUp()[pri:0, instance:org.zasyasolutions.portfolio.profileVisibilityTest.ProfileVisibility@4562e04d]" started-at="2026-02-13T16:26:25 IST" name="setUp" finished-at="2026-02-13T16:26:32 IST" duration-ms="7279" status="PASS">
          <reporter-output>
          </reporter-output>
        </test-method> <!-- setUp -->
        <test-method is-config="true" signature="initializePageObjects()[pri:0, instance:org.zasyasolutions.portfolio.profileVisibilityTest.ProfileVisibility@4562e04d]" started-at="2026-02-13T16:26:32 IST" name="initializePageObjects" finished-at="2026-02-13T16:26:32 IST" depends-on-methods="org.zasyasolutions.portfolio.baseTestPackage.BaseTest.setUp" duration-ms="62" status="PASS">
          <reporter-output>
          </reporter-output>
        </test-method> <!-- initializePageObjects -->
        <test-method signature="visibilityTest()[pri:0, instance:org.zasyasolutions.portfolio.profileVisibilityTest.ProfileVisibility@4562e04d]" started-at="2026-02-13T16:26:32 IST" name="visibilityTest" finished-at="2026-02-13T16:27:06 IST" duration-ms="33926" status="FAIL">
          <exception class="java.lang.AssertionError">
            <message>
              <![CDATA[Test failed due to exception: no such element: Unable to locate element: {"method":"xpath","selector":"//button[contains(text(), 'Preview Profile')]"}
  (Session info: chrome=143.0.7499.169)
For documentation on this error, please visit: https://www.selenium.dev/documentation/webdriver/troubleshooting/errors#no-such-element-exception
Build info: version: '4.33.0', revision: '2c6aaad03a'
System info: os.name: 'Mac OS X', os.arch: 'x86_64', os.version: '26.2', java.version: '21.0.9'
Driver info: org.openqa.selenium.chrome.ChromeDriver
Command: [b62c3c4f58e23e739578ddc9eaf6cca8, findElement {using=xpath, value=//button[contains(text(), 'Preview Profile')]}]
Capabilities {acceptInsecureCerts: true, browserName: chrome, browserVersion: 143.0.7499.169, chrome: {chromedriverVersion: 143.0.7499.192 (be2c1f4fd45..., userDataDir: /var/folders/tp/6wqkcb7x735...}, fedcm:accounts: true, goog:chromeOptions: {debuggerAddress: localhost:55425}, goog:processID: 6600, networkConnectionEnabled: false, pageLoadStrategy: eager, platformName: mac, proxy: Proxy(), se:cdp: ws://localhost:55425/devtoo..., se:cdpVersion: 143.0.7499.169, setWindowRect: true, strictFileInteractability: false, timeouts: {implicit: 0, pageLoad: 300000, script: 30000}, unhandledPromptBehavior: dismiss and notify, webauthn:extension:credBlob: true, webauthn:extension:largeBlob: true, webauthn:extension:minPinLength: true, webauthn:extension:prf: true, webauthn:virtualAuthenticators: true}
Session ID: b62c3c4f58e23e739578ddc9eaf6cca8]]>
            </message>
            <full-stacktrace>
              <![CDATA[java.lang.AssertionError: Test failed due to exception: no such element: Unable to locate element: {"method":"xpath","selector":"//button[contains(text(), 'Preview Profile')]"}
  (Session info: chrome=143.0.7499.169)
For documentation on this error, please visit: https://www.selenium.dev/documentation/webdriver/troubleshooting/errors#no-such-element-exception
Build info: version: '4.33.0', revision: '2c6aaad03a'
System info: os.name: 'Mac OS X', os.arch: 'x86_64', os.version: '26.2', java.version: '21.0.9'
Driver info: org.openqa.selenium.chrome.ChromeDriver
Command: [b62c3c4f58e23e739578ddc9eaf6cca8, findElement {using=xpath, value=//button[contains(text(), 'Preview Profile')]}]
Capabilities {acceptInsecureCerts: true, browserName: chrome, browserVersion: 143.0.7499.169, chrome: {chromedriverVersion: 143.0.7499.192 (be2c1f4fd45..., userDataDir: /var/folders/tp/6wqkcb7x735...}, fedcm:accounts: true, goog:chromeOptions: {debuggerAddress: localhost:55425}, goog:processID: 6600, networkConnectionEnabled: false, pageLoadStrategy: eager, platformName: mac, proxy: Proxy(), se:cdp: ws://localhost:55425/devtoo..., se:cdpVersion: 143.0.7499.169, setWindowRect: true, strictFileInteractability: false, timeouts: {implicit: 0, pageLoad: 300000, script: 30000}, unhandledPromptBehavior: dismiss and notify, webauthn:extension:credBlob: true, webauthn:extension:largeBlob: true, webauthn:extension:minPinLength: true, webauthn:extension:prf: true, webauthn:virtualAuthenticators: true}
Session ID: b62c3c4f58e23e739578ddc9eaf6cca8
at org.testng.Assert.fail(Assert.java:111)
at org.zasyasolutions.portfolio.pageObjectModel.VisibilityPage.checkVisibilityOfSection(VisibilityPage.java:236)
at org.zasyasolutions.portfolio.profileVisibilityTest.ProfileVisibility.visibilityTest(ProfileVisibility.java:108)
at java.base/jdk.internal.reflect.DirectMethodHandleAccessor.invoke(DirectMethodHandleAccessor.java:103)
at java.base/java.lang.reflect.Method.invoke(Method.java:580)
at org.testng.internal.invokers.MethodInvocationHelper.invokeMethod(MethodInvocationHelper.java:141)
at org.testng.internal.invokers.TestInvoker.invokeMethod(TestInvoker.java:686)
at org.testng.internal.invokers.TestInvoker.invokeTestMethod(TestInvoker.java:230)
at org.testng.internal.invokers.MethodRunner.runInSequence(MethodRunner.java:63)
at org.testng.internal.invokers.TestInvoker$MethodInvocationAgent.invoke(TestInvoker.java:992)
at org.testng.internal.invokers.TestInvoker.invokeTestMethods(TestInvoker.java:203)
at org.testng.internal.invokers.TestMethodWorker.invokeTestMethods(TestMethodWorker.java:154)
at org.testng.internal.invokers.TestMethodWorker.run(TestMethodWorker.java:134)
at java.base/java.util.ArrayList.forEach(ArrayList.java:1596)
at org.testng.TestRunner.privateRun(TestRunner.java:739)
at org.testng.TestRunner.run(TestRunner.java:614)
at org.testng.SuiteRunner.runTest(SuiteRunner.java:421)
at org.testng.SuiteRunner.runSequentially(SuiteRunner.java:413)
at org.testng.SuiteRunner.privateRun(SuiteRunner.java:373)
at org.testng.SuiteRunner.run(SuiteRunner.java:312)
at org.testng.SuiteRunnerWorker.runSuite(SuiteRunnerWorker.java:52)
at org.testng.SuiteRunnerWorker.run(SuiteRunnerWorker.java:95)
at org.testng.TestNG.runSuitesSequentially(TestNG.java:1274)
at org.testng.TestNG.runSuitesLocally(TestNG.java:1208)
at org.testng.TestNG.runSuites(TestNG.java:1112)
at org.testng.TestNG.run(TestNG.java:1079)
at org.testng.remote.AbstractRemoteTestNG.run(AbstractRemoteTestNG.java:115)
at org.testng.remote.RemoteTestNG.initAndRun(RemoteTestNG.java:293)
at org.testng.remote.RemoteTestNG.main(RemoteTestNG.java:91)
]]>
            </full-stacktrace>
          </exception> <!-- java.lang.AssertionError -->
          <reporter-output>
          </reporter-output>
        </test-method> <!-- visibilityTest -->
        <test-method is-config="true" signature="tearDown()[pri:0, instance:org.zasyasolutions.portfolio.profileVisibilityTest.ProfileVisibility@4562e04d]" started-at="2026-02-13T16:27:06 IST" name="tearDown" finished-at="2026-02-13T16:27:06 IST" duration-ms="133" status="PASS">
          <reporter-output>
          </reporter-output>
        </test-method> <!-- tearDown -->
      </class> <!-- org.zasyasolutions.portfolio.profileVisibilityTest.ProfileVisibility -->
    </test> <!-- Default test -->
  </suite> <!-- Default suite -->
</testng-results>
