<?xml version="1.0" encoding="UTF-8"?>
<testng-results ignored="0" total="1" passed="1" failed="0" skipped="0">
  <reporter-output>
  </reporter-output>
  <suite started-at="2026-02-02T18:18:41 IST" name="Default suite" finished-at="2026-02-02T18:19:04 IST" duration-ms="23593">
    <groups>
    </groups>
    <test started-at="2026-02-02T18:18:41 IST" name="Default test" finished-at="2026-02-02T18:19:04 IST" duration-ms="23593">
      <class name="org.zasyasolutions.portfolio.profileModule.SocialLinks">
        <test-method is-config="true" signature="setUp()[pri:0, instance:org.zasyasolutions.portfolio.profileModule.SocialLinks@35d019a3]" started-at="2026-02-02T18:18:41 IST" name="setUp" finished-at="2026-02-02T18:18:48 IST" duration-ms="6637" status="PASS">
          <reporter-output>
          </reporter-output>
        </test-method> <!-- setUp -->
        <test-method is-config="true" signature="initialize()[pri:0, instance:org.zasyasolutions.portfolio.profileModule.SocialLinks@35d019a3]" started-at="2026-02-02T18:18:48 IST" name="initialize" finished-at="2026-02-02T18:18:48 IST" depends-on-methods="org.zasyasolutions.portfolio.baseTestPackage.BaseTest.setUp" duration-ms="46" status="PASS">
          <reporter-output>
          </reporter-output>
        </test-method> <!-- initialize -->
        <test-method signature="addSocialLinksLink()[pri:1, instance:org.zasyasolutions.portfolio.profileModule.SocialLinks@35d019a3]" started-at="2026-02-02T18:18:48 IST" name="addSocialLinksLink" description="Verify user can add social Links link successfully" finished-at="2026-02-02T18:19:04 IST" duration-ms="16672" status="PASS">
          <reporter-output>
          </reporter-output>
        </test-method> <!-- addSocialLinksLink -->
        <test-method is-config="true" signature="tearDown()[pri:0, instance:org.zasyasolutions.portfolio.profileModule.SocialLinks@35d019a3]" started-at="2026-02-02T18:19:04 IST" name="tearDown" finished-at="2026-02-02T18:19:04 IST" duration-ms="140" status="PASS">
          <reporter-output>
          </reporter-output>
        </test-method> <!-- tearDown -->
      </class> <!-- org.zasyasolutions.portfolio.profileModule.SocialLinks -->
    </test> <!-- Default test -->
  </suite> <!-- Default suite -->
</testng-results>
