<?xml version="1.0" encoding="UTF-8"?>
<!-- Generated by org.testng.reporters.JUnitReportReporter -->
<testsuite hostname="Shalinis-Mac-mini.local" failures="0" tests="3" name="org.zasyasolutions.portfolio.profileModule.AwardAndHonors" time="75.894" errors="0" timestamp="2026-01-28T11:05:51 IST" skipped="0">
  <testcase classname="org.zasyasolutions.portfolio.profileModule.AwardAndHonors" name="addAwaardPosition" time="29.759"/>
  <testcase classname="org.zasyasolutions.portfolio.profileModule.AwardAndHonors" name="updateAwardPosition" time="23.496"/>
  <testcase classname="org.zasyasolutions.portfolio.profileModule.AwardAndHonors" name="deleteAwardPosition" time="22.639"/>
</testsuite> <!-- org.zasyasolutions.portfolio.profileModule.AwardAndHonors -->
