<?xml version="1.0" encoding="UTF-8"?>
<!-- Generated by org.testng.reporters.JUnitReportReporter -->
<testsuite hostname="Shalinis-Mac-mini.local" failures="0" tests="3" name="org.zasyasolutions.portfolio.profileModule.Education" time="89.560" errors="0" timestamp="2026-02-09T16:21:38 IST" skipped="0">
  <testcase classname="org.zasyasolutions.portfolio.profileModule.Education" name="addAwaardPosition" time="30.395"/>
  <testcase classname="org.zasyasolutions.portfolio.profileModule.Education" name="updateAwardPosition" time="23.926"/>
  <testcase classname="org.zasyasolutions.portfolio.profileModule.Education" name="deleteAwardPosition" time="35.239"/>
</testsuite> <!-- org.zasyasolutions.portfolio.profileModule.Education -->
