<?xml version="1.0" encoding="UTF-8"?>
<!-- Generated by org.testng.reporters.JUnitReportReporter -->
<testsuite hostname="Shalinis-Mac-mini.local" failures="0" tests="2" name="org.zasyasolutions.portfolio.profileModule.Summary" time="100.648" errors="0" timestamp="2026-02-09T16:21:38 IST" skipped="0">
  <testcase classname="org.zasyasolutions.portfolio.profileModule.Summary" name="addSummaryPosition" time="39.423"/>
  <testcase classname="org.zasyasolutions.portfolio.profileModule.Summary" name="emptySummaryPosition" time="61.225"/>
</testsuite> <!-- org.zasyasolutions.portfolio.profileModule.Summary -->
