<?xml version="1.0" encoding="UTF-8"?>
<!-- Generated by org.testng.reporters.JUnitReportReporter -->
<testsuite hostname="Shalinis-Mac-mini.local" failures="0" tests="3" name="org.zasyasolutions.portfolio.profileModule.JobPosition" time="106.424" errors="0" timestamp="2026-02-09T16:21:38 IST" skipped="0">
  <testcase classname="org.zasyasolutions.portfolio.profileModule.JobPosition" name="addJobPosition" time="32.768"/>
  <testcase classname="org.zasyasolutions.portfolio.profileModule.JobPosition" name="updateJobPosition" time="38.696"/>
  <testcase classname="org.zasyasolutions.portfolio.profileModule.JobPosition" name="deleteJobPosition" time="34.960"/>
</testsuite> <!-- org.zasyasolutions.portfolio.profileModule.JobPosition -->
