<?xml version="1.0" encoding="UTF-8"?>
<!-- Generated by org.testng.reporters.JUnitReportReporter -->
<testsuite hostname="Shalinis-Mac-mini.local" failures="0" tests="1" name="org.zasyasolutions.portfolio.profileModule.AddTestimonial" time="22.270" errors="0" timestamp="2026-01-20T12:05:29 IST" skipped="0">
  <testcase classname="org.zasyasolutions.portfolio.profileModule.AddTestimonial" name="verifyProfileSettingsToggle" time="22.270"/>
</testsuite> <!-- org.zasyasolutions.portfolio.profileModule.AddTestimonial -->
