<?xml version="1.0" encoding="UTF-8"?>
<!-- Generated by org.testng.reporters.JUnitReportReporter -->
<testsuite hostname="Shalinis-Mac-mini.local" failures="0" tests="3" name="org.zasyasolutions.portfolio.profileModule.SocialLinks" time="64.358" errors="0" timestamp="2026-02-09T16:21:38 IST" skipped="0">
  <testcase classname="org.zasyasolutions.portfolio.profileModule.SocialLinks" name="addSocialLinksLink" time="22.245"/>
  <testcase classname="org.zasyasolutions.portfolio.profileModule.SocialLinks" name="editSocialLinksLink" time="22.005"/>
  <testcase classname="org.zasyasolutions.portfolio.profileModule.SocialLinks" name="deleteSocialLinksLink" time="20.108"/>
</testsuite> <!-- org.zasyasolutions.portfolio.profileModule.SocialLinks -->
