<?xml version="1.0" encoding="UTF-8"?>
<!-- Generated by org.testng.reporters.JUnitReportReporter -->
<testsuite hostname="Shalinis-Mac-mini.local" failures="0" tests="1" name="org.zasyasolutions.portfolio.profileModule.AddTestimonial" time="47.355" errors="0" timestamp="2026-02-09T16:21:38 IST" skipped="0">
  <testcase classname="org.zasyasolutions.portfolio.profileModule.AddTestimonial" name="verifyProfileSettingsToggle" time="47.355"/>
</testsuite> <!-- org.zasyasolutions.portfolio.profileModule.AddTestimonial -->
