<?xml version="1.0" encoding="UTF-8"?>
<!-- Generated by org.testng.reporters.JUnitReportReporter -->
<testsuite hostname="Shalinis-Mac-mini.local" failures="0" tests="3" name="org.zasyasolutions.portfolio.profileModule.LicenceAndCertificate" time="92.223" errors="0" timestamp="2026-01-27T16:17:40 IST" skipped="0">
  <testcase classname="org.zasyasolutions.portfolio.profileModule.LicenceAndCertificate" name="addJobPosition" time="42.958"/>
  <testcase classname="org.zasyasolutions.portfolio.profileModule.LicenceAndCertificate" name="updateJobPosition" time="26.934"/>
  <testcase classname="org.zasyasolutions.portfolio.profileModule.LicenceAndCertificate" name="deleteJobPosition" time="22.331"/>
</testsuite> <!-- org.zasyasolutions.portfolio.profileModule.LicenceAndCertificate -->
