<?xml version="1.0" encoding="UTF-8"?>
<!-- Generated by org.testng.reporters.JUnitReportReporter -->
<testsuite hostname="Shalinis-Mac-mini.local" failures="0" tests="3" name="org.zasyasolutions.portfolio.profileModule.Publication" time="82.453" errors="0" timestamp="2026-02-02T15:45:03 IST" skipped="0">
  <testcase classname="org.zasyasolutions.portfolio.profileModule.Publication" name="addAwaardPosition" time="37.887"/>
  <testcase classname="org.zasyasolutions.portfolio.profileModule.Publication" name="updatePublicationPosition" time="23.171"/>
  <testcase classname="org.zasyasolutions.portfolio.profileModule.Publication" name="deletePublicationPosition" time="21.395"/>
</testsuite> <!-- org.zasyasolutions.portfolio.profileModule.Publication -->
