<?xml version="1.0" encoding="UTF-8"?>
<!-- Generated by org.testng.reporters.JUnitReportReporter -->
<testsuite hostname="Shalinis-Mac-mini.local" failures="0" tests="1" name="org.zasyasolutions.portfolio.profileModule.AddProject" time="24.350" errors="0" timestamp="2026-01-13T12:07:54 IST" skipped="0">
  <testcase classname="org.zasyasolutions.portfolio.profileModule.AddProject" name="verifyProfileSettingsToggle" time="24.350"/>
</testsuite> <!-- org.zasyasolutions.portfolio.profileModule.AddProject -->
