<?xml version="1.0" encoding="UTF-8"?>
<!-- Generated by org.testng.reporters.JUnitReportReporter -->
<testsuite hostname="Shalinis-Mac-mini.local" failures="0" tests="3" name="org.zasyasolutions.portfolio.profileModule.JobPosition" time="84.174" errors="0" timestamp="2026-01-27T15:51:17 IST" skipped="0">
  <testcase classname="org.zasyasolutions.portfolio.profileModule.JobPosition" name="addJobPosition" time="34.202"/>
  <testcase classname="org.zasyasolutions.portfolio.profileModule.JobPosition" name="updateJobPosition" time="25.179"/>
  <testcase classname="org.zasyasolutions.portfolio.profileModule.JobPosition" name="deleteJobPosition" time="24.793"/>
</testsuite> <!-- org.zasyasolutions.portfolio.profileModule.JobPosition -->
