<?xml version="1.0" encoding="UTF-8"?>
<!-- Generated by org.testng.reporters.JUnitReportReporter -->
<testsuite hostname="Shalinis-Mac-mini.local" failures="0" tests="3" name="org.zasyasolutions.portfolio.profileModule.Skill" time="144.477" errors="0" timestamp="2026-02-02T15:19:47 IST" skipped="0">
  <testcase classname="org.zasyasolutions.portfolio.profileModule.Skill" name="addSkillPosition" time="55.228"/>
  <testcase classname="org.zasyasolutions.portfolio.profileModule.Skill" name="updateSkillPosition" time="45.522"/>
  <testcase classname="org.zasyasolutions.portfolio.profileModule.Skill" name="deleteSkillPosition" time="43.727"/>
</testsuite> <!-- org.zasyasolutions.portfolio.profileModule.Skill -->
