<?xml version="1.0" encoding="UTF-8"?>
<!-- Generated by org.testng.reporters.JUnitReportReporter -->
<testsuite hostname="Shalinis-Mac-mini.local" failures="0" tests="1" name="org.zasyasolutions.portfolio.profileModule.SocialLinks" time="23.495" errors="0" timestamp="2026-02-02T18:19:10 IST" skipped="0">
  <testcase classname="org.zasyasolutions.portfolio.profileModule.SocialLinks" name="addSocialLinksLink" time="23.495"/>
</testsuite> <!-- org.zasyasolutions.portfolio.profileModule.SocialLinks -->
