<?xml version="1.0" encoding="UTF-8"?>
<!-- Generated by org.testng.reporters.JUnitReportReporter -->
<testsuite hostname="Shalinis-Mac-mini.local" failures="0" tests="2" name="org.zasyasolutions.portfolio.login.Login" time="26.825" errors="0" timestamp="2026-01-12T17:23:04 IST" skipped="1">
  <testcase classname="org.zasyasolutions.portfolio.login.Login" name="loginPage" time="11.028">
    <skipped/>
  </testcase> <!-- loginPage -->
  <testcase classname="org.zasyasolutions.portfolio.login.Login" name="loginPage" time="15.797"/>
</testsuite> <!-- org.zasyasolutions.portfolio.login.Login -->
