<?xml version="1.0" encoding="UTF-8"?>
<!-- Generated by org.testng.reporters.JUnitReportReporter -->
<testsuite hostname="Shalinis-Mac-mini.local" failures="0" tests="3" name="org.zasyasolutions.portfolio.profileModule.Language" time="193.422" errors="0" timestamp="2026-02-02T15:17:01 IST" skipped="0">
  <testcase classname="org.zasyasolutions.portfolio.profileModule.Language" name="addLanguage" time="64.424"/>
  <testcase classname="org.zasyasolutions.portfolio.profileModule.Language" name="updateLanguage" time="44.660"/>
  <testcase classname="org.zasyasolutions.portfolio.profileModule.Language" name="deleteLanguage" time="84.338"/>
</testsuite> <!-- org.zasyasolutions.portfolio.profileModule.Language -->
