<?xml version="1.0" encoding="UTF-8"?>
<!-- Generated by org.testng.reporters.JUnitReportReporter -->
<testsuite hostname="Shalinis-Mac-mini.local" failures="0" tests="3" name="org.zasyasolutions.portfolio.profileModule.Skill" time="228.417" errors="0" timestamp="2026-02-09T17:56:06 IST" skipped="0">
  <testcase classname="org.zasyasolutions.portfolio.profileModule.Skill" name="updateSkillPosition" time="72.709"/>
  <testcase classname="org.zasyasolutions.portfolio.profileModule.Skill" name="addSkillPosition" time="70.477"/>
  <testcase classname="org.zasyasolutions.portfolio.profileModule.Skill" name="deleteSkillPosition" time="85.231"/>
</testsuite> <!-- org.zasyasolutions.portfolio.profileModule.Skill -->
