<?xml version="1.0" encoding="UTF-8"?>
<!-- Generated by org.testng.reporters.JUnitReportReporter -->
<testsuite hostname="Shalinis-Mac-mini.local" failures="0" tests="1" name="org.zasyasolutions.portfolio.profileModule.AddProject" time="18.004" errors="0" timestamp="2026-01-07T15:36:01 IST" skipped="0">
  <testcase classname="org.zasyasolutions.portfolio.profileModule.AddProject" name="verifyProfileSettingsToggle" time="18.004"/>
</testsuite> <!-- org.zasyasolutions.portfolio.profileModule.AddProject -->
