<?xml version="1.0" encoding="UTF-8"?>
<!-- Generated by org.testng.reporters.JUnitReportReporter -->
<testsuite hostname="Shalinis-Mac-mini.local" failures="0" tests="3" name="org.zasyasolutions.portfolio.profileModule.AdditionalLinks" time="85.549" errors="0" timestamp="2026-02-09T16:21:38 IST" skipped="0">
  <testcase classname="org.zasyasolutions.portfolio.profileModule.AdditionalLinks" name="addAdditionalLink" time="39.578"/>
  <testcase classname="org.zasyasolutions.portfolio.profileModule.AdditionalLinks" name="editAdditionalLink" time="23.097"/>
  <testcase classname="org.zasyasolutions.portfolio.profileModule.AdditionalLinks" name="deleteAdditionalLink" time="22.874"/>
</testsuite> <!-- org.zasyasolutions.portfolio.profileModule.AdditionalLinks -->
