<?xml version="1.0" encoding="UTF-8"?>
<!-- Generated by org.testng.reporters.JUnitReportReporter -->
<testsuite hostname="Shalinis-Mac-mini.local" failures="0" tests="5" name="org.zasyasolutions.portfolio.profileModule.AdditionalLinks" time="115.074" errors="0" timestamp="2026-02-03T17:22:30 IST" skipped="2">
  <testcase classname="org.zasyasolutions.portfolio.profileModule.AdditionalLinks" name="addSocialLinksLink" time="21.312">
    <skipped/>
  </testcase> <!-- addSocialLinksLink -->
  <testcase classname="org.zasyasolutions.portfolio.profileModule.AdditionalLinks" name="addSocialLinksLink" time="32.721"/>
  <testcase classname="org.zasyasolutions.portfolio.profileModule.AdditionalLinks" name="editSocialLinksLink" time="20.268"/>
  <testcase classname="org.zasyasolutions.portfolio.profileModule.AdditionalLinks" name="editSocialLinksLink" time="19.436">
    <skipped/>
  </testcase> <!-- editSocialLinksLink -->
  <testcase classname="org.zasyasolutions.portfolio.profileModule.AdditionalLinks" name="deleteSocialLinksLink" time="21.337"/>
</testsuite> <!-- org.zasyasolutions.portfolio.profileModule.AdditionalLinks -->
